  glider_sizing_code.cpp
C:\Users\track\source\repos\glider_sizing_code\glider_sizing_code\window setup.h(145,121): warning C4129: '^': unrecognized character escape sequence
C:\Users\track\source\repos\glider_sizing_code\glider_sizing_code\glider_sizing_code.cpp(35,12): warning C4244: 'argument': conversion from 'time_t' to 'unsigned int', possible loss of data
C:\Users\track\source\repos\glider_sizing_code\glider_sizing_code\glider_sizing_code.cpp(75,12): warning C4129: '^': unrecognized character escape sequence
C:\Users\track\source\repos\glider_sizing_code\glider_sizing_code\glider_sizing_code.cpp(143,44): warning C4244: 'argument': conversion from 'unsigned __int64' to 'T', possible loss of data
          with
          [
              T=float
          ]
C:\Users\track\source\repos\glider_sizing_code\glider_sizing_code\glider_sizing_code.cpp(159,66): warning C4244: 'argument': conversion from 'int' to 'T', possible loss of data
          with
          [
              T=float
          ]
C:\Users\track\source\repos\glider_sizing_code\glider_sizing_code\glider_sizing_code.cpp(159,42): warning C4244: 'argument': conversion from 'int' to 'T', possible loss of data
          with
          [
              T=float
          ]
  Generating code
  8 of 207 functions ( 3.9%) were compiled, the rest were copied from previous compilation.
    0 functions were new in current compilation
    16 functions had inline decision re-evaluated but remain unchanged
  Finished generating code
  glider_sizing_code.vcxproj -> C:\Users\track\source\repos\glider_sizing_code\x64\Release\glider_sizing_code.exe
